# JRE version: Java(TM) SE Runtime Environment (17.0.12+8) (build 17.0.12+8-LTS-286)
# Java VM: Java HotSpot(TM) 64-Bit Server VM (17.0.12+8-LTS-286, mixed mode, emulated-client, sharing, tiered, compressed oops, compressed class ptrs, g1 gc, windows-amd64)
GC Precious Log:
 CPUs: 4 total, 4 available
 Memory: 16342M
 Large Page Support: Disabled
 NUMA Support: Disabled
 Compressed Oops: Enabled (Zero based)
 Heap Region Size: 2M
 Heap Min Capacity: 8M
 Heap Initial Capacity: 256M
 Heap Max Capacity: 4086M
 Pre-touch: Disabled
 Parallel Workers: 4
 Concurrent Workers: 1
 Concurrent Refinement Workers: 4
 Periodic GC: Disabled
Heap:
 garbage-first heap   total 81920K, used 38274K [0x0000000700a00000, 0x0000000800000000)
  region size 2048K, 3 young (6144K), 2 survivors (4096K)
 Metaspace       used 68738K, committed 69312K, reserved 1114112K
  class space    used 9866K, committed 10176K, reserved 1048576K
GC Heap History (20 events):
Event: 16.106 GC heap before
{Heap before GC invocations=8 (full 0):
 garbage-first heap   total 81920K, used 59168K [0x0000000700a00000, 0x0000000800000000)
  region size 2048K, 18 young (36864K), 1 survivors (2048K)
 Metaspace       used 30622K, committed 31040K, reserved 1114112K
  class space    used 4306K, committed 4544K, reserved 1048576K
}
Event: 16.111 GC heap after
{Heap after GC invocations=9 (full 0):
 garbage-first heap   total 81920K, used 26258K [0x0000000700a00000, 0x0000000800000000)
  region size 2048K, 2 young (4096K), 2 survivors (4096K)
 Metaspace       used 30622K, committed 31040K, reserved 1114112K
  class space    used 4306K, committed 4544K, reserved 1048576K
}
Event: 17.153 GC heap before
{Heap before GC invocations=9 (full 0):
 garbage-first heap   total 81920K, used 54930K [0x0000000700a00000, 0x0000000800000000)
  region size 2048K, 17 young (34816K), 2 survivors (4096K)
 Metaspace       used 35562K, committed 35968K, reserved 1114112K
  class space    used 5040K, committed 5248K, reserved 1048576K
}
Event: 17.158 GC heap after
{Heap after GC invocations=10 (full 0):
 garbage-first heap   total 81920K, used 28975K [0x0000000700a00000, 0x0000000800000000)
  region size 2048K, 3 young (6144K), 3 survivors (6144K)
 Metaspace       used 35562K, committed 35968K, reserved 1114112K
  class space    used 5040K, committed 5248K, reserved 1048576K
}
Event: 17.944 GC heap before
{Heap before GC invocations=11 (full 0):
 garbage-first heap   total 81920K, used 59695K [0x0000000700a00000, 0x0000000800000000)
  region size 2048K, 18 young (36864K), 3 survivors (6144K)
 Metaspace       used 38190K, committed 38656K, reserved 1114112K
  class space    used 5354K, committed 5568K, reserved 1048576K
}
Event: 17.950 GC heap after
{Heap after GC invocations=12 (full 0):
 garbage-first heap   total 81920K, used 31145K [0x0000000700a00000, 0x0000000800000000)
  region size 2048K, 3 young (6144K), 3 survivors (6144K)
 Metaspace       used 38190K, committed 38656K, reserved 1114112K
  class space    used 5354K, committed 5568K, reserved 1048576K
}
Event: 17.988 GC heap before
{Heap before GC invocations=12 (full 0):
 garbage-first heap   total 81920K, used 33193K [0x0000000700a00000, 0x0000000800000000)
  region size 2048K, 4 young (8192K), 3 survivors (6144K)
 Metaspace       used 38257K, committed 38720K, reserved 1114112K
  class space    used 5367K, committed 5568K, reserved 1048576K
}
Event: 17.993 GC heap after
{Heap after GC invocations=13 (full 0):
 garbage-first heap   total 81920K, used 31210K [0x0000000700a00000, 0x0000000800000000)
  region size 2048K, 1 young (2048K), 1 survivors (2048K)
 Metaspace       used 38257K, committed 38720K, reserved 1114112K
  class space    used 5367K, committed 5568K, reserved 1048576K
}
Event: 19.056 GC heap before
{Heap before GC invocations=13 (full 0):
 garbage-first heap   total 81920K, used 61930K [0x0000000700a00000, 0x0000000800000000)
  region size 2048K, 16 young (32768K), 1 survivors (2048K)
 Metaspace       used 43555K, committed 44032K, reserved 1114112K
  class space    used 6187K, committed 6400K, reserved 1048576K
}
Event: 19.058 GC heap after
{Heap after GC invocations=14 (full 0):
 garbage-first heap   total 81920K, used 31773K [0x0000000700a00000, 0x0000000800000000)
  region size 2048K, 1 young (2048K), 1 survivors (2048K)
 Metaspace       used 43555K, committed 44032K, reserved 1114112K
  class space    used 6187K, committed 6400K, reserved 1048576K
}
Event: 20.641 GC heap before
{Heap before GC invocations=14 (full 0):
 garbage-first heap   total 81920K, used 62493K [0x0000000700a00000, 0x0000000800000000)
  region size 2048K, 16 young (32768K), 1 survivors (2048K)
 Metaspace       used 52315K, committed 52736K, reserved 1114112K
  class space    used 7332K, committed 7552K, reserved 1048576K
}
Event: 20.645 GC heap after
{Heap after GC invocations=15 (full 0):
 garbage-first heap   total 81920K, used 33991K [0x0000000700a00000, 0x0000000800000000)
  region size 2048K, 2 young (4096K), 2 survivors (4096K)
 Metaspace       used 52315K, committed 52736K, reserved 1114112K
  class space    used 7332K, committed 7552K, reserved 1048576K
}
Event: 21.729 GC heap before
{Heap before GC invocations=15 (full 0):
 garbage-first heap   total 81920K, used 64711K [0x0000000700a00000, 0x0000000800000000)
  region size 2048K, 17 young (34816K), 2 survivors (4096K)
 Metaspace       used 57142K, committed 57664K, reserved 1114112K
  class space    used 8015K, committed 8256K, reserved 1048576K
}
Event: 21.733 GC heap after
{Heap after GC invocations=16 (full 0):
 garbage-first heap   total 81920K, used 35688K [0x0000000700a00000, 0x0000000800000000)
  region size 2048K, 2 young (4096K), 2 survivors (4096K)
 Metaspace       used 57142K, committed 57664K, reserved 1114112K
  class space    used 8015K, committed 8256K, reserved 1048576K
}
Event: 22.767 GC heap before
{Heap before GC invocations=16 (full 0):
 garbage-first heap   total 81920K, used 47976K [0x0000000700a00000, 0x0000000800000000)
  region size 2048K, 9 young (18432K), 2 survivors (4096K)
 Metaspace       used 59684K, committed 60160K, reserved 1114112K
  class space    used 8330K, committed 8576K, reserved 1048576K
}
Event: 22.772 GC heap after
{Heap after GC invocations=17 (full 0):
 garbage-first heap   total 81920K, used 36287K [0x0000000700a00000, 0x0000000800000000)
  region size 2048K, 2 young (4096K), 2 survivors (4096K)
 Metaspace       used 59684K, committed 60160K, reserved 1114112K
  class space    used 8330K, committed 8576K, reserved 1048576K
}
Event: 24.574 GC heap before
{Heap before GC invocations=18 (full 0):
 garbage-first heap   total 81920K, used 64959K [0x0000000700a00000, 0x0000000800000000)
  region size 2048K, 16 young (32768K), 2 survivors (4096K)
 Metaspace       used 63835K, committed 64384K, reserved 1114112K
  class space    used 9163K, committed 9408K, reserved 1048576K
}
Event: 24.577 GC heap after
{Heap after GC invocations=19 (full 0):
 garbage-first heap   total 81920K, used 36897K [0x0000000700a00000, 0x0000000800000000)
  region size 2048K, 1 young (2048K), 1 survivors (2048K)
 Metaspace       used 63835K, committed 64384K, reserved 1114112K
  class space    used 9163K, committed 9408K, reserved 1048576K
}
Event: 37.366 GC heap before
{Heap before GC invocations=19 (full 0):
 garbage-first heap   total 81920K, used 65569K [0x0000000700a00000, 0x0000000800000000)
  region size 2048K, 15 young (30720K), 1 survivors (2048K)
 Metaspace       used 68465K, committed 69056K, reserved 1114112K
  class space    used 9831K, committed 10112K, reserved 1048576K
}
Event: 37.369 GC heap after
{Heap after GC invocations=20 (full 0):
 garbage-first heap   total 81920K, used 38274K [0x0000000700a00000, 0x0000000800000000)
  region size 2048K, 2 young (4096K), 2 survivors (4096K)
 Metaspace       used 68465K, committed 69056K, reserved 1114112K
  class space    used 9831K, committed 10112K, reserved 1048576K
}

